Thu Apr 10 19:25:08 UTC 2025
Thu Apr 10 19:25:19 UTC 2025
Fri Apr 11 13:17:58 UTC 2025
Sat Apr 12 13:02:19 UTC 2025
Sun Apr 13 13:03:54 UTC 2025
Mon Apr 14 13:36:10 UTC 2025
Tue Apr 15 13:36:12 UTC 2025
Wed Apr 16 13:34:37 UTC 2025
Thu Apr 17 13:18:36 UTC 2025
Fri Apr 18 13:15:31 UTC 2025
Sat Apr 19 13:02:35 UTC 2025
Sun Apr 20 13:13:28 UTC 2025
Mon Apr 21 13:17:18 UTC 2025
Tue Apr 22 13:35:01 UTC 2025
Wed Apr 23 13:35:51 UTC 2025
Thu Apr 24 13:36:40 UTC 2025
Fri Apr 25 13:19:14 UTC 2025
Sat Apr 26 13:04:05 UTC 2025
Sun Apr 27 13:04:22 UTC 2025
Mon Apr 28 13:49:53 UTC 2025
Tue Apr 29 13:44:23 UTC 2025
Wed Apr 30 13:34:59 UTC 2025
Thu May  1 13:17:51 UTC 2025
Fri May  2 13:18:55 UTC 2025
